[25-Apr-2026 15:19:12] NOTICE: fpm is running, pid 34845
[25-Apr-2026 15:19:12] NOTICE: ready to handle connections
[25-Apr-2026 15:24:37] NOTICE: Terminating ...
[25-Apr-2026 15:24:37] NOTICE: Terminating ...
[25-Apr-2026 15:24:37] NOTICE: exiting, bye-bye!
[25-Apr-2026 15:24:43] NOTICE: fpm is running, pid 38958
[25-Apr-2026 15:24:43] NOTICE: ready to handle connections
[26-Apr-2026 07:13:24] NOTICE: Terminating ...
[26-Apr-2026 07:13:24] NOTICE: Terminating ...
[26-Apr-2026 07:13:24] NOTICE: exiting, bye-bye!
[27-Apr-2026 17:16:58] NOTICE: fpm is running, pid 9179
[27-Apr-2026 17:16:58] NOTICE: ready to handle connections
[27-Apr-2026 18:08:01] NOTICE: Terminating ...
[27-Apr-2026 18:08:01] NOTICE: Terminating ...
[27-Apr-2026 18:08:01] NOTICE: exiting, bye-bye!
[29-Apr-2026 16:35:52] NOTICE: fpm is running, pid 93842
[29-Apr-2026 16:35:52] NOTICE: ready to handle connections
[30-Apr-2026 08:19:38] NOTICE: Terminating ...
[30-Apr-2026 08:19:38] NOTICE: Terminating ...
[30-Apr-2026 08:19:38] NOTICE: exiting, bye-bye!
[30-Apr-2026 15:51:41] NOTICE: fpm is running, pid 33767
[30-Apr-2026 15:51:41] NOTICE: ready to handle connections
[30-Apr-2026 17:16:28] NOTICE: Terminating ...
[30-Apr-2026 17:16:28] NOTICE: Terminating ...
[30-Apr-2026 17:16:28] NOTICE: exiting, bye-bye!
[30-Apr-2026 17:17:23] NOTICE: fpm is running, pid 60105
[30-Apr-2026 17:17:23] NOTICE: ready to handle connections
[30-Apr-2026 17:17:46] NOTICE: Terminating ...
[30-Apr-2026 17:17:46] NOTICE: Terminating ...
[30-Apr-2026 17:17:46] NOTICE: exiting, bye-bye!
[01-May-2026 11:27:46] NOTICE: fpm is running, pid 86288
[01-May-2026 11:27:46] NOTICE: ready to handle connections
[01-May-2026 11:27:51] NOTICE: Terminating ...
[01-May-2026 11:27:51] NOTICE: Terminating ...
[01-May-2026 11:27:51] NOTICE: exiting, bye-bye!
[01-May-2026 13:14:19] NOTICE: fpm is running, pid 64140
[01-May-2026 13:14:19] NOTICE: ready to handle connections
[03-May-2026 19:17:53] NOTICE: Terminating ...
[03-May-2026 19:17:53] NOTICE: Terminating ...
[03-May-2026 19:17:53] NOTICE: exiting, bye-bye!
[06-May-2026 09:14:08] NOTICE: fpm is running, pid 34726
[06-May-2026 09:14:08] NOTICE: ready to handle connections
